<?xml version="1.0" encoding="UTF-8"?>
<coverage generated="1727889099644" clover="3.2.0">
  <project timestamp="1727889099644" name="All files">
    <metrics statements="25" coveredstatements="23" conditionals="6" coveredconditionals="4" methods="10" coveredmethods="9" elements="41" coveredelements="36" complexity="0" loc="25" ncloc="25" packages="1" files="1" classes="1"/>
    <file name="Body.js" path="C:\Users\Kajal\Desktop\Namste React\src\components\Body.js">
      <metrics statements="25" coveredstatements="23" conditionals="6" coveredconditionals="4" methods="10" coveredmethods="9"/>
      <line num="12" count="1" type="stmt"/>
      <line num="14" count="7" type="stmt"/>
      <line num="15" count="7" type="stmt"/>
      <line num="17" count="7" type="stmt"/>
      <line num="20" count="7" type="stmt"/>
      <line num="25" count="7" type="stmt"/>
      <line num="26" count="2" type="stmt"/>
      <line num="30" count="7" type="stmt"/>
      <line num="31" count="2" type="stmt"/>
      <line num="35" count="2" type="stmt"/>
      <line num="39" count="2" type="stmt"/>
      <line num="40" count="2" type="stmt"/>
      <line num="43" count="7" type="stmt"/>
      <line num="45" count="7" type="cond" truecount="1" falsecount="1"/>
      <line num="46" count="0" type="stmt"/>
      <line num="50" count="7" type="stmt"/>
      <line num="52" count="7" type="cond" truecount="2" falsecount="0"/>
      <line num="60" count="1" type="stmt"/>
      <line num="65" count="8" type="stmt"/>
      <line num="66" count="1" type="stmt"/>
      <line num="74" count="0" type="stmt"/>
      <line num="80" count="1" type="stmt"/>
      <line num="81" count="8" type="stmt"/>
      <line num="83" count="1" type="stmt"/>
      <line num="91" count="27" type="stmt"/>
    </file>
  </project>
</coverage>
