{"C:\\Users\\Kajal\\Desktop\\Namste React\\src\\components\\ContactUs.js": {"path":"C:\\Users\\Kajal\\Desktop\\Namste React\\src\\components\\ContactUs.js","statementMap":{"0":{"start":{"line":1,"column":18},"end":{"line":14,"column":1}},"1":{"start":{"line":2,"column":4},"end":{"line":13,"column":6}}},"fnMap":{"0":{"name":"(anonymous_0)","decl":{"start":{"line":1,"column":18},"end":{"line":1,"column":19}},"loc":{"start":{"line":1,"column":24},"end":{"line":14,"column":1}},"line":1}},"branchMap":{},"s":{"0":1,"1":4},"f":{"0":4},"b":{},"_coverageSchema":"1a1c01bbd47fc00a2c39e90264f33305004495a9","hash":"3fc52828e3de7fa929e2e1440b05d30ecddf006d"}
,"C:\\Users\\Kajal\\Desktop\\Namste React\\src\\components\\Header.js": {"path":"C:\\Users\\Kajal\\Desktop\\Namste React\\src\\components\\Header.js","statementMap":{"0":{"start":{"line":9,"column":15},"end":{"line":62,"column":1}},"1":{"start":{"line":10,"column":23},"end":{"line":10,"column":40}},"2":{"start":{"line":11,"column":42},"end":{"line":11,"column":59}},"3":{"start":{"line":15,"column":25},"end":{"line":15,"column":48}},"4":{"start":{"line":20,"column":20},"end":{"line":20,"column":60}},"5":{"start":{"line":20,"column":43},"end":{"line":20,"column":59}},"6":{"start":{"line":21,"column":2},"end":{"line":21,"column":25}},"7":{"start":{"line":23,"column":2},"end":{"line":61,"column":4}},"8":{"start":{"line":50,"column":14},"end":{"line":52,"column":43}}},"fnMap":{"0":{"name":"(anonymous_0)","decl":{"start":{"line":9,"column":15},"end":{"line":9,"column":16}},"loc":{"start":{"line":9,"column":21},"end":{"line":62,"column":1}},"line":9},"1":{"name":"(anonymous_1)","decl":{"start":{"line":20,"column":32},"end":{"line":20,"column":33}},"loc":{"start":{"line":20,"column":43},"end":{"line":20,"column":59}},"line":20},"2":{"name":"(anonymous_2)","decl":{"start":{"line":49,"column":21},"end":{"line":49,"column":22}},"loc":{"start":{"line":49,"column":27},"end":{"line":53,"column":13}},"line":49}},"branchMap":{"0":{"loc":{"start":{"line":31,"column":30},"end":{"line":31,"column":55}},"type":"cond-expr","locations":[{"start":{"line":31,"column":45},"end":{"line":31,"column":48}},{"start":{"line":31,"column":51},"end":{"line":31,"column":55}}],"line":31},"1":{"loc":{"start":{"line":50,"column":14},"end":{"line":52,"column":42}},"type":"cond-expr","locations":[{"start":{"line":51,"column":18},"end":{"line":51,"column":43}},{"start":{"line":52,"column":18},"end":{"line":52,"column":42}}],"line":50}},"s":{"0":1,"1":2,"2":2,"3":2,"4":2,"5":4,"6":2,"7":2,"8":0},"f":{"0":2,"1":4,"2":0},"b":{"0":[2,0],"1":[0,0]},"_coverageSchema":"1a1c01bbd47fc00a2c39e90264f33305004495a9","hash":"a2daa8baa0ed31e756ed60c8ee0507402916df73"}
,"C:\\Users\\Kajal\\Desktop\\Namste React\\src\\components\\Sum.js": {"path":"C:\\Users\\Kajal\\Desktop\\Namste React\\src\\components\\Sum.js","statementMap":{"0":{"start":{"line":1,"column":19},"end":{"line":3,"column":1}},"1":{"start":{"line":2,"column":4},"end":{"line":2,"column":17}}},"fnMap":{"0":{"name":"(anonymous_0)","decl":{"start":{"line":1,"column":19},"end":{"line":1,"column":20}},"loc":{"start":{"line":1,"column":29},"end":{"line":3,"column":1}},"line":1}},"branchMap":{},"s":{"0":1,"1":1},"f":{"0":1},"b":{},"_coverageSchema":"1a1c01bbd47fc00a2c39e90264f33305004495a9","hash":"4d9269d17db1164b80eace2c480a1300d1550a9d"}
,"C:\\Users\\Kajal\\Desktop\\Namste React\\src\\utils\\UserContext.js": {"path":"C:\\Users\\Kajal\\Desktop\\Namste React\\src\\utils\\UserContext.js","statementMap":{"0":{"start":{"line":3,"column":21},"end":{"line":5,"column":2}}},"fnMap":{},"branchMap":{},"s":{"0":1},"f":{},"b":{},"_coverageSchema":"1a1c01bbd47fc00a2c39e90264f33305004495a9","hash":"b9b283a75c41b7609895314f047458d447ca013a"}
,"C:\\Users\\Kajal\\Desktop\\Namste React\\src\\utils\\appStore.js": {"path":"C:\\Users\\Kajal\\Desktop\\Namste React\\src\\utils\\appStore.js","statementMap":{"0":{"start":{"line":5,"column":17},"end":{"line":9,"column":2}}},"fnMap":{},"branchMap":{},"s":{"0":1},"f":{},"b":{},"_coverageSchema":"1a1c01bbd47fc00a2c39e90264f33305004495a9","hash":"cf18faa50bea4752afae606f447a1af15d6b024b"}
,"C:\\Users\\Kajal\\Desktop\\Namste React\\src\\utils\\cartSlice.js": {"path":"C:\\Users\\Kajal\\Desktop\\Namste React\\src\\utils\\cartSlice.js","statementMap":{"0":{"start":{"line":3,"column":18},"end":{"line":21,"column":2}},"1":{"start":{"line":12,"column":12},"end":{"line":12,"column":45}},"2":{"start":{"line":15,"column":12},"end":{"line":15,"column":44}},"3":{"start":{"line":18,"column":12},"end":{"line":18,"column":27}},"4":{"start":{"line":31,"column":48},"end":{"line":31,"column":65}}},"fnMap":{"0":{"name":"(anonymous_0)","decl":{"start":{"line":9,"column":17},"end":{"line":9,"column":18}},"loc":{"start":{"line":9,"column":36},"end":{"line":13,"column":9}},"line":9},"1":{"name":"(anonymous_1)","decl":{"start":{"line":14,"column":20},"end":{"line":14,"column":21}},"loc":{"start":{"line":14,"column":31},"end":{"line":16,"column":9}},"line":14},"2":{"name":"(anonymous_2)","decl":{"start":{"line":17,"column":19},"end":{"line":17,"column":20}},"loc":{"start":{"line":17,"column":30},"end":{"line":19,"column":9}},"line":17}},"branchMap":{},"s":{"0":1,"1":0,"2":0,"3":0,"4":1},"f":{"0":0,"1":0,"2":0},"b":{},"_coverageSchema":"1a1c01bbd47fc00a2c39e90264f33305004495a9","hash":"59ffcd7206e50b12db9b4446097f7319d247d085"}
,"C:\\Users\\Kajal\\Desktop\\Namste React\\src\\utils\\constants.js": {"path":"C:\\Users\\Kajal\\Desktop\\Namste React\\src\\utils\\constants.js","statementMap":{"0":{"start":{"line":2,"column":8},"end":{"line":2,"column":91}},"1":{"start":{"line":5,"column":8},"end":{"line":5,"column":81}},"2":{"start":{"line":8,"column":8},"end":{"line":8,"column":240}},"3":{"start":{"line":11,"column":8},"end":{"line":11,"column":131}}},"fnMap":{},"branchMap":{},"s":{"0":1,"1":1,"2":1,"3":1},"f":{},"b":{},"_coverageSchema":"1a1c01bbd47fc00a2c39e90264f33305004495a9","hash":"886d4c0fcc9855c9aa6ee51fe971b7a839897e72"}
,"C:\\Users\\Kajal\\Desktop\\Namste React\\src\\utils\\useOnlineStatus.js": {"path":"C:\\Users\\Kajal\\Desktop\\Namste React\\src\\utils\\useOnlineStatus.js","statementMap":{"0":{"start":{"line":3,"column":25},"end":{"line":23,"column":1}},"1":{"start":{"line":5,"column":42},"end":{"line":5,"column":56}},"2":{"start":{"line":9,"column":4},"end":{"line":18,"column":9}},"3":{"start":{"line":10,"column":8},"end":{"line":12,"column":11}},"4":{"start":{"line":11,"column":12},"end":{"line":11,"column":35}},"5":{"start":{"line":14,"column":8},"end":{"line":16,"column":11}},"6":{"start":{"line":15,"column":12},"end":{"line":15,"column":34}},"7":{"start":{"line":22,"column":4},"end":{"line":22,"column":24}}},"fnMap":{"0":{"name":"(anonymous_0)","decl":{"start":{"line":3,"column":25},"end":{"line":3,"column":26}},"loc":{"start":{"line":3,"column":30},"end":{"line":23,"column":1}},"line":3},"1":{"name":"(anonymous_1)","decl":{"start":{"line":9,"column":14},"end":{"line":9,"column":15}},"loc":{"start":{"line":9,"column":18},"end":{"line":18,"column":5}},"line":9},"2":{"name":"(anonymous_2)","decl":{"start":{"line":10,"column":43},"end":{"line":10,"column":44}},"loc":{"start":{"line":10,"column":49},"end":{"line":12,"column":9}},"line":10},"3":{"name":"(anonymous_3)","decl":{"start":{"line":14,"column":42},"end":{"line":14,"column":43}},"loc":{"start":{"line":14,"column":48},"end":{"line":16,"column":9}},"line":14}},"branchMap":{},"s":{"0":1,"1":2,"2":2,"3":2,"4":0,"5":2,"6":0,"7":2},"f":{"0":2,"1":2,"2":0,"3":0},"b":{},"_coverageSchema":"1a1c01bbd47fc00a2c39e90264f33305004495a9","hash":"9b8b38302bddecc4fa0167dadca63846c6c0e0d1"}
}
