{"C:\\Users\\Kajal\\Desktop\\Namste React\\src\\components\\Body.js": {"path":"C:\\Users\\Kajal\\Desktop\\Namste React\\src\\components\\Body.js","statementMap":{"0":{"start":{"line":12,"column":12},"end":{"line":107,"column":1}},"1":{"start":{"line":14,"column":47},"end":{"line":14,"column":59}},"2":{"start":{"line":15,"column":50},"end":{"line":15,"column":62}},"3":{"start":{"line":17,"column":32},"end":{"line":17,"column":44}},"4":{"start":{"line":20,"column":29},"end":{"line":20,"column":58}},"5":{"start":{"line":25,"column":0},"end":{"line":27,"column":6}},"6":{"start":{"line":26,"column":4},"end":{"line":26,"column":16}},"7":{"start":{"line":30,"column":18},"end":{"line":41,"column":1}},"8":{"start":{"line":31,"column":14},"end":{"line":32,"column":3}},"9":{"start":{"line":35,"column":14},"end":{"line":35,"column":31}},"10":{"start":{"line":39,"column":0},"end":{"line":39,"column":97}},"11":{"start":{"line":40,"column":0},"end":{"line":40,"column":98}},"12":{"start":{"line":43,"column":21},"end":{"line":43,"column":38}},"13":{"start":{"line":45,"column":0},"end":{"line":48,"column":1}},"14":{"start":{"line":46,"column":2},"end":{"line":48,"column":1}},"15":{"start":{"line":50,"column":35},"end":{"line":50,"column":58}},"16":{"start":{"line":52,"column":0},"end":{"line":106,"column":5}},"17":{"start":{"line":60,"column":16},"end":{"line":60,"column":46}},"18":{"start":{"line":65,"column":44},"end":{"line":65,"column":140}},"19":{"start":{"line":65,"column":77},"end":{"line":65,"column":139}},"20":{"start":{"line":66,"column":16},"end":{"line":66,"column":60}},"21":{"start":{"line":74,"column":28},"end":{"line":74,"column":55}},"22":{"start":{"line":80,"column":36},"end":{"line":82,"column":17}},"23":{"start":{"line":81,"column":29},"end":{"line":81,"column":53}},"24":{"start":{"line":83,"column":16},"end":{"line":83,"column":53}},"25":{"start":{"line":91,"column":19},"end":{"line":102,"column":26}}},"fnMap":{"0":{"name":"(anonymous_0)","decl":{"start":{"line":12,"column":12},"end":{"line":12,"column":13}},"loc":{"start":{"line":12,"column":18},"end":{"line":107,"column":1}},"line":12},"1":{"name":"(anonymous_1)","decl":{"start":{"line":25,"column":10},"end":{"line":25,"column":11}},"loc":{"start":{"line":25,"column":14},"end":{"line":27,"column":1}},"line":25},"2":{"name":"(anonymous_2)","decl":{"start":{"line":30,"column":18},"end":{"line":30,"column":19}},"loc":{"start":{"line":30,"column":29},"end":{"line":41,"column":1}},"line":30},"3":{"name":"(anonymous_3)","decl":{"start":{"line":59,"column":25},"end":{"line":59,"column":26}},"loc":{"start":{"line":59,"column":30},"end":{"line":61,"column":17}},"line":59},"4":{"name":"(anonymous_4)","decl":{"start":{"line":62,"column":81},"end":{"line":62,"column":82}},"loc":{"start":{"line":62,"column":85},"end":{"line":68,"column":15}},"line":62},"5":{"name":"(anonymous_5)","decl":{"start":{"line":65,"column":69},"end":{"line":65,"column":70}},"loc":{"start":{"line":65,"column":77},"end":{"line":65,"column":139}},"line":65},"6":{"name":"(anonymous_6)","decl":{"start":{"line":74,"column":22},"end":{"line":74,"column":23}},"loc":{"start":{"line":74,"column":28},"end":{"line":74,"column":55}},"line":74},"7":{"name":"(anonymous_7)","decl":{"start":{"line":79,"column":13},"end":{"line":79,"column":14}},"loc":{"start":{"line":79,"column":17},"end":{"line":84,"column":13}},"line":79},"8":{"name":"(anonymous_8)","decl":{"start":{"line":81,"column":20},"end":{"line":81,"column":21}},"loc":{"start":{"line":81,"column":29},"end":{"line":81,"column":53}},"line":81},"9":{"name":"(anonymous_9)","decl":{"start":{"line":90,"column":43},"end":{"line":90,"column":44}},"loc":{"start":{"line":91,"column":19},"end":{"line":102,"column":26}},"line":91}},"branchMap":{"0":{"loc":{"start":{"line":45,"column":0},"end":{"line":48,"column":1}},"type":"if","locations":[{"start":{"line":45,"column":0},"end":{"line":48,"column":1}},{"start":{},"end":{}}],"line":45},"1":{"loc":{"start":{"line":52,"column":7},"end":{"line":106,"column":5}},"type":"cond-expr","locations":[{"start":{"line":52,"column":39},"end":{"line":52,"column":49}},{"start":{"line":53,"column":7},"end":{"line":105,"column":13}}],"line":52},"2":{"loc":{"start":{"line":96,"column":22},"end":{"line":99,"column":21}},"type":"cond-expr","locations":[{"start":{"line":96,"column":61},"end":{"line":96,"column":106}},{"start":{"line":98,"column":22},"end":{"line":98,"column":85}}],"line":96}},"s":{"0":1,"1":7,"2":7,"3":7,"4":7,"5":7,"6":2,"7":7,"8":2,"9":2,"10":2,"11":2,"12":7,"13":7,"14":0,"15":7,"16":7,"17":1,"18":1,"19":8,"20":1,"21":0,"22":1,"23":8,"24":1,"25":27},"f":{"0":7,"1":2,"2":2,"3":1,"4":1,"5":8,"6":0,"7":1,"8":8,"9":27},"b":{"0":[0,7],"1":[2,5],"2":[27,0]},"_coverageSchema":"1a1c01bbd47fc00a2c39e90264f33305004495a9","hash":"72f352c898c2b6fffc6672f657a657a9a41a7885"}
}
