TN:
SF:src\components\Body.js
FN:12,(anonymous_0)
FN:25,(anonymous_1)
FN:30,(anonymous_2)
FN:59,(anonymous_3)
FN:62,(anonymous_4)
FN:65,(anonymous_5)
FN:74,(anonymous_6)
FN:79,(anonymous_7)
FN:81,(anonymous_8)
FN:90,(anonymous_9)
FNF:10
FNH:9
FNDA:7,(anonymous_0)
FNDA:2,(anonymous_1)
FNDA:2,(anonymous_2)
FNDA:1,(anonymous_3)
FNDA:1,(anonymous_4)
FNDA:8,(anonymous_5)
FNDA:0,(anonymous_6)
FNDA:1,(anonymous_7)
FNDA:8,(anonymous_8)
FNDA:27,(anonymous_9)
DA:12,1
DA:14,7
DA:15,7
DA:17,7
DA:20,7
DA:25,7
DA:26,2
DA:30,7
DA:31,2
DA:35,2
DA:39,2
DA:40,2
DA:43,7
DA:45,7
DA:46,0
DA:50,7
DA:52,7
DA:60,1
DA:65,8
DA:66,1
DA:74,0
DA:80,1
DA:81,8
DA:83,1
DA:91,27
LF:25
LH:23
BRDA:45,0,0,0
BRDA:45,0,1,7
BRDA:52,1,0,2
BRDA:52,1,1,5
BRDA:96,2,0,27
BRDA:96,2,1,0
BRF:6
BRH:4
end_of_record
