TN:
SF:src\components\Body.js
FN:12,(anonymous_0)
FN:25,(anonymous_1)
FN:30,(anonymous_2)
FN:59,(anonymous_3)
FN:62,(anonymous_4)
FN:65,(anonymous_5)
FN:74,(anonymous_6)
FN:79,(anonymous_7)
FN:81,(anonymous_8)
FN:90,(anonymous_9)
FNF:10
FNH:7
FNDA:4,(anonymous_0)
FNDA:1,(anonymous_1)
FNDA:1,(anonymous_2)
FNDA:1,(anonymous_3)
FNDA:1,(anonymous_4)
FNDA:8,(anonymous_5)
FNDA:0,(anonymous_6)
FNDA:0,(anonymous_7)
FNDA:0,(anonymous_8)
FNDA:17,(anonymous_9)
DA:12,1
DA:14,4
DA:15,4
DA:17,4
DA:20,4
DA:25,4
DA:26,1
DA:30,4
DA:31,1
DA:35,1
DA:39,1
DA:40,1
DA:43,4
DA:45,4
DA:46,0
DA:50,4
DA:52,4
DA:60,1
DA:65,8
DA:66,1
DA:74,0
DA:80,0
DA:81,0
DA:83,0
DA:91,17
LF:25
LH:20
BRDA:45,0,0,0
BRDA:45,0,1,4
BRDA:52,1,0,1
BRDA:52,1,1,3
BRDA:96,2,0,17
BRDA:96,2,1,0
BRF:6
BRH:4
end_of_record
